<?xml version="1.0" encoding="UTF-8"?>
<coverage generated="1759476544523" clover="3.2.0">
  <project timestamp="1759476544523" name="All files">
    <metrics statements="55" coveredstatements="54" conditionals="42" coveredconditionals="36" methods="29" coveredmethods="28" elements="126" coveredelements="118" complexity="0" loc="55" ncloc="55" packages="4" files="9" classes="9"/>
    <package name="src">
      <metrics statements="12" coveredstatements="11" conditionals="19" coveredconditionals="16" methods="6" coveredmethods="5"/>
      <file name="App.jsx" path="/Users/sompa/survey-visualizer/src/App.jsx">
        <metrics statements="12" coveredstatements="11" conditionals="19" coveredconditionals="16" methods="6" coveredmethods="5"/>
        <line num="11" count="1" type="stmt"/>
        <line num="18" count="7" type="stmt"/>
        <line num="19" count="7" type="stmt"/>
        <line num="20" count="7" type="stmt"/>
        <line num="21" count="7" type="stmt"/>
        <line num="23" count="7" type="stmt"/>
        <line num="25" count="7" type="stmt"/>
        <line num="27" count="6" type="cond" truecount="1" falsecount="1"/>
        <line num="30" count="6" type="cond" truecount="2" falsecount="0"/>
        <line num="33" count="7" type="stmt"/>
        <line num="40" count="21" type="stmt"/>
        <line num="43" count="0" type="stmt"/>
      </file>
    </package>
    <package name="src.components">
      <metrics statements="27" coveredstatements="27" conditionals="20" coveredconditionals="18" methods="16" coveredmethods="16"/>
      <file name="CategoryChart.jsx" path="/Users/sompa/survey-visualizer/src/components/CategoryChart.jsx">
        <metrics statements="7" coveredstatements="7" conditionals="4" coveredconditionals="4" methods="3" coveredmethods="3"/>
        <line num="7" count="5" type="stmt"/>
        <line num="8" count="5" type="stmt"/>
        <line num="9" count="7" type="cond" truecount="2" falsecount="0"/>
        <line num="11" count="7" type="stmt"/>
        <line num="16" count="5" type="cond" truecount="2" falsecount="0"/>
        <line num="18" count="4" type="stmt"/>
        <line num="20" count="4" type="stmt"/>
      </file>
      <file name="CategoryFilter.jsx" path="/Users/sompa/survey-visualizer/src/components/CategoryFilter.jsx">
        <metrics statements="3" coveredstatements="3" conditionals="0" coveredconditionals="0" methods="3" coveredmethods="3"/>
        <line num="4" count="11" type="stmt"/>
        <line num="20" count="1" type="stmt"/>
        <line num="23" count="22" type="stmt"/>
      </file>
      <file name="DifficultyChart.jsx" path="/Users/sompa/survey-visualizer/src/components/DifficultyChart.jsx">
        <metrics statements="8" coveredstatements="8" conditionals="10" coveredconditionals="9" methods="4" coveredmethods="4"/>
        <line num="6" count="4" type="stmt"/>
        <line num="7" count="4" type="stmt"/>
        <line num="8" count="12" type="cond" truecount="4" falsecount="0"/>
        <line num="9" count="9" type="cond" truecount="1" falsecount="1"/>
        <line num="10" count="9" type="cond" truecount="2" falsecount="0"/>
        <line num="14" count="12" type="stmt"/>
        <line num="19" count="6" type="cond" truecount="2" falsecount="0"/>
        <line num="21" count="3" type="stmt"/>
      </file>
      <file name="ErrorState.jsx" path="/Users/sompa/survey-visualizer/src/components/ErrorState.jsx">
        <metrics statements="1" coveredstatements="1" conditionals="0" coveredconditionals="0" methods="1" coveredmethods="1"/>
        <line num="2" count="4" type="stmt"/>
      </file>
      <file name="SearchBar.jsx" path="/Users/sompa/survey-visualizer/src/components/SearchBar.jsx">
        <metrics statements="2" coveredstatements="2" conditionals="0" coveredconditionals="0" methods="2" coveredmethods="2"/>
        <line num="2" count="11" type="stmt"/>
        <line num="18" count="2" type="stmt"/>
      </file>
      <file name="TriviaList.jsx" path="/Users/sompa/survey-visualizer/src/components/TriviaList.jsx">
        <metrics statements="6" coveredstatements="6" conditionals="6" coveredconditionals="5" methods="3" coveredmethods="3"/>
        <line num="4" count="7" type="cond" truecount="1" falsecount="1"/>
        <line num="5" count="11" type="cond" truecount="2" falsecount="0"/>
        <line num="8" count="7" type="cond" truecount="2" falsecount="0"/>
        <line num="9" count="2" type="stmt"/>
        <line num="12" count="5" type="stmt"/>
        <line num="15" count="8" type="stmt"/>
      </file>
    </package>
    <package name="src.hooks">
      <metrics statements="13" coveredstatements="13" conditionals="3" coveredconditionals="2" methods="6" coveredmethods="6"/>
      <file name="useTriviaData.js" path="/Users/sompa/survey-visualizer/src/hooks/useTriviaData.js">
        <metrics statements="13" coveredstatements="13" conditionals="3" coveredconditionals="2" methods="6" coveredmethods="6"/>
        <line num="4" count="12" type="stmt"/>
        <line num="5" count="12" type="stmt"/>
        <line num="6" count="12" type="stmt"/>
        <line num="8" count="12" type="stmt"/>
        <line num="9" count="6" type="stmt"/>
        <line num="10" count="6" type="stmt"/>
        <line num="11" count="4" type="stmt"/>
        <line num="13" count="4" type="cond" truecount="1" falsecount="1"/>
        <line num="14" count="4" type="stmt"/>
        <line num="17" count="2" type="stmt"/>
        <line num="18" count="2" type="stmt"/>
        <line num="20" count="6" type="stmt"/>
        <line num="23" count="12" type="stmt"/>
      </file>
    </package>
    <package name="src.utils">
      <metrics statements="3" coveredstatements="3" conditionals="0" coveredconditionals="0" methods="1" coveredmethods="1"/>
      <file name="decodeHtml.js" path="/Users/sompa/survey-visualizer/src/utils/decodeHtml.js">
        <metrics statements="3" coveredstatements="3" conditionals="0" coveredconditionals="0" methods="1" coveredmethods="1"/>
        <line num="2" count="37" type="stmt"/>
        <line num="3" count="37" type="stmt"/>
        <line num="4" count="37" type="stmt"/>
      </file>
    </package>
  </project>
</coverage>
