{"/Users/sompa/survey-visualizer/src/App.jsx": {"path":"/Users/sompa/survey-visualizer/src/App.jsx","statementMap":{"0":{"start":{"line":11,"column":17},"end":{"line":15,"column":1}},"1":{"start":{"line":18,"column":53},"end":{"line":18,"column":70}},"2":{"start":{"line":19,"column":50},"end":{"line":19,"column":65}},"3":{"start":{"line":20,"column":32},"end":{"line":20,"column":52}},"4":{"start":{"line":21,"column":30},"end":{"line":21,"column":42}},"5":{"start":{"line":23,"column":21},"end":{"line":23,"column":90}},"6":{"start":{"line":23,"column":76},"end":{"line":23,"column":86}},"7":{"start":{"line":25,"column":28},"end":{"line":31,"column":5}},"8":{"start":{"line":27,"column":6},"end":{"line":27,"column":73}},"9":{"start":{"line":30,"column":6},"end":{"line":30,"column":98}},"10":{"start":{"line":33,"column":2},"end":{"line":98,"column":4}},"11":{"start":{"line":40,"column":12},"end":{"line":46,"column":21}},"12":{"start":{"line":43,"column":29},"end":{"line":43,"column":47}}},"fnMap":{"0":{"name":"App","decl":{"start":{"line":17,"column":24},"end":{"line":17,"column":27}},"loc":{"start":{"line":17,"column":30},"end":{"line":99,"column":1}},"line":17},"1":{"name":"(anonymous_1)","decl":{"start":{"line":23,"column":71},"end":{"line":23,"column":72}},"loc":{"start":{"line":23,"column":76},"end":{"line":23,"column":86}},"line":23},"2":{"name":"(anonymous_2)","decl":{"start":{"line":26,"column":12},"end":{"line":26,"column":13}},"loc":{"start":{"line":27,"column":6},"end":{"line":27,"column":73}},"line":27},"3":{"name":"(anonymous_3)","decl":{"start":{"line":29,"column":12},"end":{"line":29,"column":13}},"loc":{"start":{"line":30,"column":6},"end":{"line":30,"column":98}},"line":30},"4":{"name":"(anonymous_4)","decl":{"start":{"line":39,"column":24},"end":{"line":39,"column":25}},"loc":{"start":{"line":40,"column":12},"end":{"line":46,"column":21}},"line":40},"5":{"name":"(anonymous_5)","decl":{"start":{"line":43,"column":23},"end":{"line":43,"column":24}},"loc":{"start":{"line":43,"column":29},"end":{"line":43,"column":47}},"line":43}},"branchMap":{"0":{"loc":{"start":{"line":27,"column":6},"end":{"line":27,"column":73}},"type":"cond-expr","locations":[{"start":{"line":27,"column":35},"end":{"line":27,"column":39}},{"start":{"line":27,"column":42},"end":{"line":27,"column":73}}],"line":27},"1":{"loc":{"start":{"line":30,"column":6},"end":{"line":30,"column":98}},"type":"cond-expr","locations":[{"start":{"line":30,"column":29},"end":{"line":30,"column":33}},{"start":{"line":30,"column":36},"end":{"line":30,"column":98}}],"line":30},"2":{"loc":{"start":{"line":42,"column":25},"end":{"line":42,"column":59}},"type":"cond-expr","locations":[{"start":{"line":42,"column":46},"end":{"line":42,"column":54}},{"start":{"line":42,"column":57},"end":{"line":42,"column":59}}],"line":42},"3":{"loc":{"start":{"line":62,"column":11},"end":{"line":62,"column":49}},"type":"binary-expr","locations":[{"start":{"line":62,"column":11},"end":{"line":62,"column":20}},{"start":{"line":62,"column":24},"end":{"line":62,"column":49}}],"line":62},"4":{"loc":{"start":{"line":63,"column":11},"end":{"line":63,"column":39}},"type":"binary-expr","locations":[{"start":{"line":63,"column":11},"end":{"line":63,"column":21}},{"start":{"line":63,"column":25},"end":{"line":63,"column":39}}],"line":63},"5":{"loc":{"start":{"line":64,"column":11},"end":{"line":91,"column":11}},"type":"binary-expr","locations":[{"start":{"line":64,"column":11},"end":{"line":64,"column":21}},{"start":{"line":64,"column":25},"end":{"line":64,"column":36}},{"start":{"line":65,"column":12},"end":{"line":90,"column":15}}],"line":64},"6":{"loc":{"start":{"line":66,"column":15},"end":{"line":74,"column":15}},"type":"binary-expr","locations":[{"start":{"line":66,"column":15},"end":{"line":66,"column":37}},{"start":{"line":67,"column":16},"end":{"line":73,"column":19}}],"line":66},"7":{"loc":{"start":{"line":75,"column":15},"end":{"line":83,"column":15}},"type":"binary-expr","locations":[{"start":{"line":75,"column":15},"end":{"line":75,"column":39}},{"start":{"line":76,"column":16},"end":{"line":82,"column":19}}],"line":75},"8":{"loc":{"start":{"line":84,"column":15},"end":{"line":89,"column":15}},"type":"binary-expr","locations":[{"start":{"line":84,"column":15},"end":{"line":84,"column":38}},{"start":{"line":85,"column":16},"end":{"line":88,"column":19}}],"line":84}},"s":{"0":1,"1":7,"2":7,"3":7,"4":7,"5":7,"6":6,"7":7,"8":6,"9":6,"10":7,"11":21,"12":0},"f":{"0":7,"1":6,"2":6,"3":6,"4":21,"5":0},"b":{"0":[6,0],"1":[4,2],"2":[7,14],"3":[7,3],"4":[7,1],"5":[7,4,3],"6":[3,3],"7":[3,0],"8":[3,0]},"_coverageSchema":"1a1c01bbd47fc00a2c39e90264f33305004495a9","hash":"b0f673a5eefdf6baeb5152c63b0a6ae4176c4cfb"}
,"/Users/sompa/survey-visualizer/src/components/CategoryChart.jsx": {"path":"/Users/sompa/survey-visualizer/src/components/CategoryChart.jsx","statementMap":{"0":{"start":{"line":7,"column":16},"end":{"line":7,"column":18}},"1":{"start":{"line":8,"column":2},"end":{"line":10,"column":5}},"2":{"start":{"line":9,"column":4},"end":{"line":9,"column":53}},"3":{"start":{"line":11,"column":15},"end":{"line":14,"column":5}},"4":{"start":{"line":11,"column":65},"end":{"line":14,"column":3}},"5":{"start":{"line":16,"column":2},"end":{"line":16,"column":58}},"6":{"start":{"line":16,"column":20},"end":{"line":16,"column":58}},"7":{"start":{"line":18,"column":19},"end":{"line":18,"column":65}},"8":{"start":{"line":20,"column":2},"end":{"line":60,"column":4}}},"fnMap":{"0":{"name":"CategoryChart","decl":{"start":{"line":6,"column":24},"end":{"line":6,"column":37}},"loc":{"start":{"line":6,"column":53},"end":{"line":61,"column":1}},"line":6},"1":{"name":"(anonymous_1)","decl":{"start":{"line":8,"column":20},"end":{"line":8,"column":21}},"loc":{"start":{"line":8,"column":25},"end":{"line":10,"column":3}},"line":8},"2":{"name":"(anonymous_2)","decl":{"start":{"line":11,"column":41},"end":{"line":11,"column":42}},"loc":{"start":{"line":11,"column":65},"end":{"line":14,"column":3}},"line":11}},"branchMap":{"0":{"loc":{"start":{"line":9,"column":25},"end":{"line":9,"column":47}},"type":"binary-expr","locations":[{"start":{"line":9,"column":25},"end":{"line":9,"column":42}},{"start":{"line":9,"column":46},"end":{"line":9,"column":47}}],"line":9},"1":{"loc":{"start":{"line":16,"column":2},"end":{"line":16,"column":58}},"type":"if","locations":[{"start":{"line":16,"column":2},"end":{"line":16,"column":58}},{"start":{},"end":{}}],"line":16}},"s":{"0":5,"1":5,"2":7,"3":5,"4":7,"5":5,"6":1,"7":4,"8":4},"f":{"0":5,"1":7,"2":7},"b":{"0":[7,7],"1":[1,4]},"_coverageSchema":"1a1c01bbd47fc00a2c39e90264f33305004495a9","hash":"31f38c1a5443b92ae0e5ba2a4060ce29fbf49682"}
,"/Users/sompa/survey-visualizer/src/components/CategoryFilter.jsx": {"path":"/Users/sompa/survey-visualizer/src/components/CategoryFilter.jsx","statementMap":{"0":{"start":{"line":4,"column":2},"end":{"line":29,"column":4}},"1":{"start":{"line":20,"column":23},"end":{"line":20,"column":58}},"2":{"start":{"line":23,"column":10},"end":{"line":25,"column":19}}},"fnMap":{"0":{"name":"CategoryFilter","decl":{"start":{"line":3,"column":24},"end":{"line":3,"column":38}},"loc":{"start":{"line":3,"column":94},"end":{"line":30,"column":1}},"line":3},"1":{"name":"(anonymous_1)","decl":{"start":{"line":20,"column":18},"end":{"line":20,"column":19}},"loc":{"start":{"line":20,"column":23},"end":{"line":20,"column":58}},"line":20},"2":{"name":"(anonymous_2)","decl":{"start":{"line":22,"column":24},"end":{"line":22,"column":25}},"loc":{"start":{"line":23,"column":10},"end":{"line":25,"column":19}},"line":23}},"branchMap":{},"s":{"0":11,"1":1,"2":22},"f":{"0":11,"1":1,"2":22},"b":{},"_coverageSchema":"1a1c01bbd47fc00a2c39e90264f33305004495a9","hash":"36d1ddcd7f308f7160639392626073d072736205"}
,"/Users/sompa/survey-visualizer/src/components/DifficultyChart.jsx": {"path":"/Users/sompa/survey-visualizer/src/components/DifficultyChart.jsx","statementMap":{"0":{"start":{"line":6,"column":14},"end":{"line":6,"column":45}},"1":{"start":{"line":7,"column":0},"end":{"line":12,"column":3}},"2":{"start":{"line":8,"column":2},"end":{"line":8,"column":34}},"3":{"start":{"line":8,"column":27},"end":{"line":8,"column":34}},"4":{"start":{"line":9,"column":2},"end":{"line":11,"column":3}},"5":{"start":{"line":10,"column":4},"end":{"line":10,"column":57}},"6":{"start":{"line":14,"column":15},"end":{"line":17,"column":5}},"7":{"start":{"line":14,"column":67},"end":{"line":17,"column":3}},"8":{"start":{"line":19,"column":2},"end":{"line":19,"column":80}},"9":{"start":{"line":19,"column":25},"end":{"line":19,"column":39}},"10":{"start":{"line":19,"column":42},"end":{"line":19,"column":80}},"11":{"start":{"line":21,"column":2},"end":{"line":57,"column":4}}},"fnMap":{"0":{"name":"DifficultyChart","decl":{"start":{"line":5,"column":24},"end":{"line":5,"column":39}},"loc":{"start":{"line":5,"column":55},"end":{"line":58,"column":1}},"line":5},"1":{"name":"(anonymous_1)","decl":{"start":{"line":7,"column":18},"end":{"line":7,"column":19}},"loc":{"start":{"line":7,"column":25},"end":{"line":12,"column":1}},"line":7},"2":{"name":"(anonymous_2)","decl":{"start":{"line":14,"column":41},"end":{"line":14,"column":42}},"loc":{"start":{"line":14,"column":67},"end":{"line":17,"column":3}},"line":14},"3":{"name":"(anonymous_3)","decl":{"start":{"line":19,"column":17},"end":{"line":19,"column":18}},"loc":{"start":{"line":19,"column":25},"end":{"line":19,"column":39}},"line":19}},"branchMap":{"0":{"loc":{"start":{"line":8,"column":2},"end":{"line":8,"column":34}},"type":"if","locations":[{"start":{"line":8,"column":2},"end":{"line":8,"column":34}},{"start":{},"end":{}}],"line":8},"1":{"loc":{"start":{"line":8,"column":6},"end":{"line":8,"column":25}},"type":"binary-expr","locations":[{"start":{"line":8,"column":6},"end":{"line":8,"column":8}},{"start":{"line":8,"column":12},"end":{"line":8,"column":25}}],"line":8},"2":{"loc":{"start":{"line":9,"column":2},"end":{"line":11,"column":3}},"type":"if","locations":[{"start":{"line":9,"column":2},"end":{"line":11,"column":3}},{"start":{},"end":{}}],"line":9},"3":{"loc":{"start":{"line":10,"column":27},"end":{"line":10,"column":51}},"type":"binary-expr","locations":[{"start":{"line":10,"column":27},"end":{"line":10,"column":46}},{"start":{"line":10,"column":50},"end":{"line":10,"column":51}}],"line":10},"4":{"loc":{"start":{"line":19,"column":2},"end":{"line":19,"column":80}},"type":"if","locations":[{"start":{"line":19,"column":2},"end":{"line":19,"column":80}},{"start":{},"end":{}}],"line":19}},"s":{"0":4,"1":4,"2":12,"3":3,"4":9,"5":9,"6":4,"7":12,"8":4,"9":6,"10":1,"11":3},"f":{"0":4,"1":12,"2":12,"3":6},"b":{"0":[3,9],"1":[12,11],"2":[9,0],"3":[9,7],"4":[1,3]},"_coverageSchema":"1a1c01bbd47fc00a2c39e90264f33305004495a9","hash":"ce5ecb802378e67a539314109316b55eede7b73e"}
,"/Users/sompa/survey-visualizer/src/components/ErrorState.jsx": {"path":"/Users/sompa/survey-visualizer/src/components/ErrorState.jsx","statementMap":{"0":{"start":{"line":2,"column":2},"end":{"line":10,"column":4}}},"fnMap":{"0":{"name":"ErrorState","decl":{"start":{"line":1,"column":24},"end":{"line":1,"column":34}},"loc":{"start":{"line":1,"column":37},"end":{"line":11,"column":1}},"line":1}},"branchMap":{},"s":{"0":4},"f":{"0":4},"b":{},"_coverageSchema":"1a1c01bbd47fc00a2c39e90264f33305004495a9","hash":"a30f7fd1a33dbcd53dc632fe1c8efeac91d8e156"}
,"/Users/sompa/survey-visualizer/src/components/SearchBar.jsx": {"path":"/Users/sompa/survey-visualizer/src/components/SearchBar.jsx","statementMap":{"0":{"start":{"line":2,"column":2},"end":{"line":22,"column":4}},"1":{"start":{"line":18,"column":23},"end":{"line":18,"column":48}}},"fnMap":{"0":{"name":"SearchBar","decl":{"start":{"line":1,"column":24},"end":{"line":1,"column":33}},"loc":{"start":{"line":1,"column":57},"end":{"line":23,"column":1}},"line":1},"1":{"name":"(anonymous_1)","decl":{"start":{"line":18,"column":18},"end":{"line":18,"column":19}},"loc":{"start":{"line":18,"column":23},"end":{"line":18,"column":48}},"line":18}},"branchMap":{},"s":{"0":11,"1":2},"f":{"0":11,"1":2},"b":{},"_coverageSchema":"1a1c01bbd47fc00a2c39e90264f33305004495a9","hash":"d0db460409ae59d5589282dccf4e986f0fa777f6"}
,"/Users/sompa/survey-visualizer/src/components/TriviaList.jsx": {"path":"/Users/sompa/survey-visualizer/src/components/TriviaList.jsx","statementMap":{"0":{"start":{"line":4,"column":25},"end":{"line":6,"column":8}},"1":{"start":{"line":5,"column":28},"end":{"line":5,"column":63}},"2":{"start":{"line":8,"column":2},"end":{"line":10,"column":3}},"3":{"start":{"line":9,"column":4},"end":{"line":9,"column":33}},"4":{"start":{"line":12,"column":2},"end":{"line":20,"column":4}},"5":{"start":{"line":15,"column":8},"end":{"line":17,"column":13}}},"fnMap":{"0":{"name":"TriviaList","decl":{"start":{"line":3,"column":24},"end":{"line":3,"column":34}},"loc":{"start":{"line":3,"column":50},"end":{"line":21,"column":1}},"line":3},"1":{"name":"(anonymous_1)","decl":{"start":{"line":5,"column":23},"end":{"line":5,"column":24}},"loc":{"start":{"line":5,"column":28},"end":{"line":5,"column":63}},"line":5},"2":{"name":"(anonymous_2)","decl":{"start":{"line":14,"column":26},"end":{"line":14,"column":27}},"loc":{"start":{"line":15,"column":8},"end":{"line":17,"column":13}},"line":15}},"branchMap":{"0":{"loc":{"start":{"line":4,"column":25},"end":{"line":6,"column":8}},"type":"cond-expr","locations":[{"start":{"line":5,"column":6},"end":{"line":5,"column":64}},{"start":{"line":6,"column":6},"end":{"line":6,"column":8}}],"line":4},"1":{"loc":{"start":{"line":5,"column":28},"end":{"line":5,"column":63}},"type":"binary-expr","locations":[{"start":{"line":5,"column":28},"end":{"line":5,"column":29}},{"start":{"line":5,"column":33},"end":{"line":5,"column":63}}],"line":5},"2":{"loc":{"start":{"line":8,"column":2},"end":{"line":10,"column":3}},"type":"if","locations":[{"start":{"line":8,"column":2},"end":{"line":10,"column":3}},{"start":{},"end":{}}],"line":8}},"s":{"0":7,"1":11,"2":7,"3":2,"4":5,"5":8},"f":{"0":7,"1":11,"2":8},"b":{"0":[7,0],"1":[11,9],"2":[2,5]},"_coverageSchema":"1a1c01bbd47fc00a2c39e90264f33305004495a9","hash":"bab965003b5792dff442f09e12819320df0b0677"}
,"/Users/sompa/survey-visualizer/src/hooks/useTriviaData.js": {"path":"/Users/sompa/survey-visualizer/src/hooks/useTriviaData.js","statementMap":{"0":{"start":{"line":4,"column":48},"end":{"line":4,"column":60}},"1":{"start":{"line":5,"column":36},"end":{"line":5,"column":50}},"2":{"start":{"line":6,"column":38},"end":{"line":6,"column":52}},"3":{"start":{"line":8,"column":2},"end":{"line":21,"column":15}},"4":{"start":{"line":9,"column":4},"end":{"line":9,"column":23}},"5":{"start":{"line":10,"column":4},"end":{"line":20,"column":42}},"6":{"start":{"line":11,"column":24},"end":{"line":11,"column":39}},"7":{"start":{"line":13,"column":8},"end":{"line":13,"column":47}},"8":{"start":{"line":14,"column":8},"end":{"line":14,"column":28}},"9":{"start":{"line":17,"column":8},"end":{"line":17,"column":29}},"10":{"start":{"line":18,"column":8},"end":{"line":18,"column":31}},"11":{"start":{"line":20,"column":21},"end":{"line":20,"column":40}},"12":{"start":{"line":23,"column":2},"end":{"line":23,"column":52}}},"fnMap":{"0":{"name":"useTriviaData","decl":{"start":{"line":3,"column":16},"end":{"line":3,"column":29}},"loc":{"start":{"line":3,"column":43},"end":{"line":24,"column":1}},"line":3},"1":{"name":"(anonymous_1)","decl":{"start":{"line":8,"column":12},"end":{"line":8,"column":13}},"loc":{"start":{"line":8,"column":18},"end":{"line":21,"column":3}},"line":8},"2":{"name":"(anonymous_2)","decl":{"start":{"line":11,"column":12},"end":{"line":11,"column":13}},"loc":{"start":{"line":11,"column":24},"end":{"line":11,"column":39}},"line":11},"3":{"name":"(anonymous_3)","decl":{"start":{"line":12,"column":12},"end":{"line":12,"column":13}},"loc":{"start":{"line":12,"column":20},"end":{"line":15,"column":7}},"line":12},"4":{"name":"(anonymous_4)","decl":{"start":{"line":16,"column":13},"end":{"line":16,"column":14}},"loc":{"start":{"line":16,"column":22},"end":{"line":19,"column":7}},"line":16},"5":{"name":"(anonymous_5)","decl":{"start":{"line":20,"column":15},"end":{"line":20,"column":16}},"loc":{"start":{"line":20,"column":21},"end":{"line":20,"column":40}},"line":20}},"branchMap":{"0":{"loc":{"start":{"line":3,"column":30},"end":{"line":3,"column":41}},"type":"default-arg","locations":[{"start":{"line":3,"column":39},"end":{"line":3,"column":41}}],"line":3},"1":{"loc":{"start":{"line":13,"column":27},"end":{"line":13,"column":45}},"type":"binary-expr","locations":[{"start":{"line":13,"column":27},"end":{"line":13,"column":39}},{"start":{"line":13,"column":43},"end":{"line":13,"column":45}}],"line":13}},"s":{"0":12,"1":12,"2":12,"3":12,"4":6,"5":6,"6":4,"7":4,"8":4,"9":2,"10":2,"11":6,"12":12},"f":{"0":12,"1":6,"2":4,"3":4,"4":2,"5":6},"b":{"0":[3],"1":[4,0]},"_coverageSchema":"1a1c01bbd47fc00a2c39e90264f33305004495a9","hash":"33314a0ea7da4210bda1b9017cf894fdb91d963e"}
,"/Users/sompa/survey-visualizer/src/utils/decodeHtml.js": {"path":"/Users/sompa/survey-visualizer/src/utils/decodeHtml.js","statementMap":{"0":{"start":{"line":2,"column":16},"end":{"line":2,"column":50}},"1":{"start":{"line":3,"column":4},"end":{"line":3,"column":25}},"2":{"start":{"line":4,"column":4},"end":{"line":4,"column":21}}},"fnMap":{"0":{"name":"decodeHtml","decl":{"start":{"line":1,"column":18},"end":{"line":1,"column":28}},"loc":{"start":{"line":1,"column":35},"end":{"line":5,"column":3}},"line":1}},"branchMap":{},"s":{"0":37,"1":37,"2":37},"f":{"0":37},"b":{},"_coverageSchema":"1a1c01bbd47fc00a2c39e90264f33305004495a9","hash":"e11a795e7ab6b467bc2a75d252e18c7417a91826"}
}
