TN:
SF:src/App.jsx
FN:17,App
FN:23,(anonymous_1)
FN:26,(anonymous_2)
FN:29,(anonymous_3)
FN:39,(anonymous_4)
FN:43,(anonymous_5)
FNF:6
FNH:5
FNDA:7,App
FNDA:6,(anonymous_1)
FNDA:6,(anonymous_2)
FNDA:6,(anonymous_3)
FNDA:21,(anonymous_4)
FNDA:0,(anonymous_5)
DA:11,1
DA:18,7
DA:19,7
DA:20,7
DA:21,7
DA:23,7
DA:25,7
DA:27,6
DA:30,6
DA:33,7
DA:40,21
DA:43,0
LF:12
LH:11
BRDA:27,0,0,6
BRDA:27,0,1,0
BRDA:30,1,0,4
BRDA:30,1,1,2
BRDA:42,2,0,7
BRDA:42,2,1,14
BRDA:62,3,0,7
BRDA:62,3,1,3
BRDA:63,4,0,7
BRDA:63,4,1,1
BRDA:64,5,0,7
BRDA:64,5,1,4
BRDA:64,5,2,3
BRDA:66,6,0,3
BRDA:66,6,1,3
BRDA:75,7,0,3
BRDA:75,7,1,0
BRDA:84,8,0,3
BRDA:84,8,1,0
BRF:19
BRH:16
end_of_record
TN:
SF:src/components/CategoryChart.jsx
FN:6,CategoryChart
FN:8,(anonymous_1)
FN:11,(anonymous_2)
FNF:3
FNH:3
FNDA:5,CategoryChart
FNDA:7,(anonymous_1)
FNDA:7,(anonymous_2)
DA:7,5
DA:8,5
DA:9,7
DA:11,7
DA:16,5
DA:18,4
DA:20,4
LF:7
LH:7
BRDA:9,0,0,7
BRDA:9,0,1,7
BRDA:16,1,0,1
BRDA:16,1,1,4
BRF:4
BRH:4
end_of_record
TN:
SF:src/components/CategoryFilter.jsx
FN:3,CategoryFilter
FN:20,(anonymous_1)
FN:22,(anonymous_2)
FNF:3
FNH:3
FNDA:11,CategoryFilter
FNDA:1,(anonymous_1)
FNDA:22,(anonymous_2)
DA:4,11
DA:20,1
DA:23,22
LF:3
LH:3
BRF:0
BRH:0
end_of_record
TN:
SF:src/components/DifficultyChart.jsx
FN:5,DifficultyChart
FN:7,(anonymous_1)
FN:14,(anonymous_2)
FN:19,(anonymous_3)
FNF:4
FNH:4
FNDA:4,DifficultyChart
FNDA:12,(anonymous_1)
FNDA:12,(anonymous_2)
FNDA:6,(anonymous_3)
DA:6,4
DA:7,4
DA:8,12
DA:9,9
DA:10,9
DA:14,12
DA:19,6
DA:21,3
LF:8
LH:8
BRDA:8,0,0,3
BRDA:8,0,1,9
BRDA:8,1,0,12
BRDA:8,1,1,11
BRDA:9,2,0,9
BRDA:9,2,1,0
BRDA:10,3,0,9
BRDA:10,3,1,7
BRDA:19,4,0,1
BRDA:19,4,1,3
BRF:10
BRH:9
end_of_record
TN:
SF:src/components/ErrorState.jsx
FN:1,ErrorState
FNF:1
FNH:1
FNDA:4,ErrorState
DA:2,4
LF:1
LH:1
BRF:0
BRH:0
end_of_record
TN:
SF:src/components/SearchBar.jsx
FN:1,SearchBar
FN:18,(anonymous_1)
FNF:2
FNH:2
FNDA:11,SearchBar
FNDA:2,(anonymous_1)
DA:2,11
DA:18,2
LF:2
LH:2
BRF:0
BRH:0
end_of_record
TN:
SF:src/components/TriviaList.jsx
FN:3,TriviaList
FN:5,(anonymous_1)
FN:14,(anonymous_2)
FNF:3
FNH:3
FNDA:7,TriviaList
FNDA:11,(anonymous_1)
FNDA:8,(anonymous_2)
DA:4,7
DA:5,11
DA:8,7
DA:9,2
DA:12,5
DA:15,8
LF:6
LH:6
BRDA:4,0,0,7
BRDA:4,0,1,0
BRDA:5,1,0,11
BRDA:5,1,1,9
BRDA:8,2,0,2
BRDA:8,2,1,5
BRF:6
BRH:5
end_of_record
TN:
SF:src/hooks/useTriviaData.js
FN:3,useTriviaData
FN:8,(anonymous_1)
FN:11,(anonymous_2)
FN:12,(anonymous_3)
FN:16,(anonymous_4)
FN:20,(anonymous_5)
FNF:6
FNH:6
FNDA:12,useTriviaData
FNDA:6,(anonymous_1)
FNDA:4,(anonymous_2)
FNDA:4,(anonymous_3)
FNDA:2,(anonymous_4)
FNDA:6,(anonymous_5)
DA:4,12
DA:5,12
DA:6,12
DA:8,12
DA:9,6
DA:10,6
DA:11,4
DA:13,4
DA:14,4
DA:17,2
DA:18,2
DA:20,6
DA:23,12
LF:13
LH:13
BRDA:3,0,0,3
BRDA:13,1,0,4
BRDA:13,1,1,0
BRF:3
BRH:2
end_of_record
TN:
SF:src/utils/decodeHtml.js
FN:1,decodeHtml
FNF:1
FNH:1
FNDA:37,decodeHtml
DA:2,37
DA:3,37
DA:4,37
LF:3
LH:3
BRF:0
BRH:0
end_of_record
